<?xml version="1.0" encoding="UTF-8"?>
<!-- Generated by org.testng.reporters.JUnitReportReporter -->
<testsuite hostname="DESKTOP-HP840" failures="0" tests="2" name="testSuites.ParellelTestingSingleClss" time="21.706" errors="0" timestamp="24 Mar 2022 11:23:50 GMT" skipped="0">
  <testcase classname="testSuites.ParellelTestingSingleClss" name="chromeBrowser" time="8.135"/>
  <testcase classname="testSuites.ParellelTestingSingleClss" name="edgeDriver" time="13.571"/>
</testsuite> <!-- testSuites.ParellelTestingSingleClss -->
