<?xml version="1.0" encoding="UTF-8"?>
<!-- Generated by org.testng.reporters.JUnitReportReporter -->
<testsuite hostname="DESKTOP-HP840" failures="0" tests="1" name="Velocity_Chinchwad.Dec_11_Evening.Logical_Programms" time="0.016" errors="0" timestamp="20 Mar 2022 08:22:24 GMT" skipped="0">
  <testcase classname="Velocity_Chinchwad.Dec_11_Evening.Logical_Programms" name="prime_no" time="0.016"/>
</testsuite> <!-- Velocity_Chinchwad.Dec_11_Evening.Logical_Programms -->
