<?xml version="1.0" encoding="UTF-8"?>
<!-- Generated by org.testng.reporters.JUnitReportReporter -->
<testsuite hostname="DESKTOP-HP840" failures="1" tests="5" name="Velocity_Chinchwad.Dec_11_Evening.KeywordsInTestNG" time="0.055" errors="0" timestamp="22 Mar 2022 17:13:23 GMT" skipped="1">
  <testcase classname="Velocity_Chinchwad.Dec_11_Evening.KeywordsInTestNG" name="mno" time="0.005"/>
  <testcase classname="Velocity_Chinchwad.Dec_11_Evening.KeywordsInTestNG" name="klm" time="0.005"/>
  <testcase classname="Velocity_Chinchwad.Dec_11_Evening.KeywordsInTestNG" name="def" time="0.041">
    <failure type="junit.framework.AssertionFailedError">
      <![CDATA[junit.framework.AssertionFailedError
at junit.framework.Assert.fail(Assert.java:55)
at junit.framework.Assert.fail(Assert.java:64)
at Velocity_Chinchwad.Dec_11_Evening.KeywordsInTestNG.def(KeywordsInTestNG.java:20)
at java.base/jdk.internal.reflect.NativeMethodAccessorImpl.invoke0(Native Method)
at java.base/jdk.internal.reflect.NativeMethodAccessorImpl.invoke(NativeMethodAccessorImpl.java:77)
at java.base/jdk.internal.reflect.DelegatingMethodAccessorImpl.invoke(DelegatingMethodAccessorImpl.java:43)
at java.base/java.lang.reflect.Method.invoke(Method.java:568)
at org.testng.internal.MethodInvocationHelper.invokeMethod(MethodInvocationHelper.java:124)
at org.testng.internal.InvokeMethodRunnable.runOne(InvokeMethodRunnable.java:54)
at org.testng.internal.InvokeMethodRunnable.run(InvokeMethodRunnable.java:44)
at java.base/java.util.concurrent.Executors$RunnableAdapter.call(Executors.java:539)
at java.base/java.util.concurrent.FutureTask.run(FutureTask.java:264)
at java.base/java.util.concurrent.ThreadPoolExecutor.runWorker(ThreadPoolExecutor.java:1136)
at java.base/java.util.concurrent.ThreadPoolExecutor$Worker.run(ThreadPoolExecutor.java:635)
at java.base/java.lang.Thread.run(Thread.java:833)
]]>
    </failure>
  </testcase> <!-- def -->
  <testcase classname="Velocity_Chinchwad.Dec_11_Evening.KeywordsInTestNG" name="hij" time="0.000">
    <skipped/>
  </testcase> <!-- hij -->
  <testcase classname="Velocity_Chinchwad.Dec_11_Evening.KeywordsInTestNG" name="abc" time="0.004"/>
</testsuite> <!-- Velocity_Chinchwad.Dec_11_Evening.KeywordsInTestNG -->
