<?xml version="1.0" encoding="UTF-8"?>
<!-- Generated by org.testng.reporters.JUnitReportReporter -->
<testsuite hostname="DESKTOP-HP840" failures="0" tests="2" name="testSuites.ParellelTestingMultipleClasses" time="10.744" errors="0" timestamp="24 Mar 2022 11:30:22 GMT" skipped="0">
  <testcase classname="testSuites.ParellelTestingMultipleClasses" name="welcome" time="0.004"/>
  <testcase classname="testSuites.ParellelTestingMultipleClasses" name="launchBrowser" time="10.740"/>
</testsuite> <!-- testSuites.ParellelTestingMultipleClasses -->
