<?xml version="1.0" encoding="UTF-8"?>
<!-- Generated by org.testng.reporters.JUnitReportReporter -->
<testsuite hostname="DESKTOP-HP840" failures="0" tests="2" name="Velocity_Chinchwad.Dec_11_Evening.SoftAssertions" time="0.023" errors="0" timestamp="26 Mar 2022 07:06:11 GMT" skipped="0">
  <testcase classname="Velocity_Chinchwad.Dec_11_Evening.SoftAssertions" name="soft" time="0.003"/>
  <testcase classname="Velocity_Chinchwad.Dec_11_Evening.SoftAssertions" name="hard" time="0.020"/>
</testsuite> <!-- Velocity_Chinchwad.Dec_11_Evening.SoftAssertions -->
