<?xml version="1.0" encoding="UTF-8"?>
<!-- Generated by org.testng.reporters.JUnitReportReporter -->
<testsuite hostname="DESKTOP-HP840" failures="0" tests="3" name="groupingPractice.Grouping_2" time="0.007" errors="0" timestamp="24 Mar 2022 11:07:49 GMT" skipped="0">
  <testcase classname="groupingPractice.Grouping_2" name="abc" time="0.003"/>
  <testcase classname="groupingPractice.Grouping_2" name="xyz" time="0.002"/>
  <testcase classname="groupingPractice.Grouping_2" name="pqr" time="0.002"/>
</testsuite> <!-- groupingPractice.Grouping_2 -->
