<?xml version="1.0" encoding="UTF-8"?>
<!-- Generated by org.testng.reporters.JUnitReportReporter -->
<testsuite hostname="DESKTOP-HP840" failures="0" tests="2" name="Velocity_Chinchwad.Dec_11_Evening.Grouping_2" time="0.006" errors="0" timestamp="24 Mar 2022 10:53:43 GMT" skipped="0">
  <testcase classname="Velocity_Chinchwad.Dec_11_Evening.Grouping_2" name="pqr" time="0.004"/>
  <testcase classname="Velocity_Chinchwad.Dec_11_Evening.Grouping_2" name="abc" time="0.002"/>
</testsuite> <!-- Velocity_Chinchwad.Dec_11_Evening.Grouping_2 -->
