<?xml version="1.0" encoding="UTF-8"?>
<!-- Generated by org.testng.reporters.JUnitReportReporter -->
<testsuite hostname="DESKTOP-HP840" failures="0" tests="5" name="groupingPractice.GroupingClass" time="0.024" errors="0" timestamp="24 Mar 2022 11:07:49 GMT" skipped="0">
  <testcase classname="groupingPractice.GroupingClass" name="abc" time="0.012"/>
  <testcase classname="groupingPractice.GroupingClass" name="mno" time="0.002"/>
  <testcase classname="groupingPractice.GroupingClass" name="xyz" time="0.004"/>
  <testcase classname="groupingPractice.GroupingClass" name="pqr" time="0.003"/>
  <testcase classname="groupingPractice.GroupingClass" name="def" time="0.003"/>
</testsuite> <!-- groupingPractice.GroupingClass -->
