<?xml version="1.0" encoding="UTF-8"?>
<!-- Generated by org.testng.reporters.JUnitReportReporter -->
<testsuite hostname="DESKTOP-HP840" failures="0" tests="2" name="groupU_Mock.Grouping_3" time="0.017" errors="0" timestamp="24 Mar 2022 18:12:46 GMT" skipped="0">
  <testcase classname="groupU_Mock.Grouping_3" name="pqr" time="0.002"/>
  <testcase classname="groupU_Mock.Grouping_3" name="abc" time="0.015"/>
</testsuite> <!-- groupU_Mock.Grouping_3 -->
