<?xml version="1.0" encoding="UTF-8"?>
<!-- Generated by org.testng.reporters.JUnitReportReporter -->
<testsuite hostname="DESKTOP-HP840" failures="0" tests="3" name="groupingPractice.Grouping_3" time="0.005" errors="0" timestamp="24 Mar 2022 11:07:49 GMT" skipped="0">
  <testcase classname="groupingPractice.Grouping_3" name="abc" time="0.001"/>
  <testcase classname="groupingPractice.Grouping_3" name="pqr" time="0.001"/>
  <testcase classname="groupingPractice.Grouping_3" name="xyz" time="0.003"/>
</testsuite> <!-- groupingPractice.Grouping_3 -->
