<?xml version="1.0" encoding="UTF-8"?>
<!-- Generated by org.testng.reporters.JUnitReportReporter -->
<testsuite hostname="DESKTOP-HP840" failures="0" tests="3" name="Velocity_Chinchwad.Dec_11_Evening.GroupingClass" time="0.034" errors="0" timestamp="24 Mar 2022 07:35:10 GMT" skipped="0">
  <testcase classname="Velocity_Chinchwad.Dec_11_Evening.GroupingClass" name="def" time="0.028"/>
  <testcase classname="Velocity_Chinchwad.Dec_11_Evening.GroupingClass" name="xyz" time="0.003"/>
  <testcase classname="Velocity_Chinchwad.Dec_11_Evening.GroupingClass" name="mno" time="0.003"/>
</testsuite> <!-- Velocity_Chinchwad.Dec_11_Evening.GroupingClass -->
