<?xml version="1.0" encoding="UTF-8"?>
<!-- Generated by org.testng.reporters.JUnitReportReporter -->
<testsuite hostname="DESKTOP-HP840" failures="0" tests="1" name="actitimeTestClass.ActitimeTestClass" time="0.546" errors="0" timestamp="23 Mar 2022 15:40:17 GMT" skipped="0">
  <testcase classname="actitimeTestClass.ActitimeTestClass" name="Login" time="0.546"/>
</testsuite> <!-- actitimeTestClass.ActitimeTestClass -->
