<?xml version="1.0" encoding="UTF-8"?>
<!-- Generated by org.testng.reporters.JUnitReportReporter -->
<testsuite hostname="DESKTOP-HP840" failures="0" tests="6" name="Velocity_Chinchwad.Dec_11_Evening.PriorityKeyWord" time="0.037" errors="0" timestamp="22 Mar 2022 09:19:49 GMT" skipped="0">
  <testcase classname="Velocity_Chinchwad.Dec_11_Evening.PriorityKeyWord" name="e" time="0.015"/>
  <testcase classname="Velocity_Chinchwad.Dec_11_Evening.PriorityKeyWord" name="d" time="0.002"/>
  <testcase classname="Velocity_Chinchwad.Dec_11_Evening.PriorityKeyWord" name="p" time="0.004"/>
  <testcase classname="Velocity_Chinchwad.Dec_11_Evening.PriorityKeyWord" name="a" time="0.005"/>
  <testcase classname="Velocity_Chinchwad.Dec_11_Evening.PriorityKeyWord" name="m" time="0.009"/>
  <testcase classname="Velocity_Chinchwad.Dec_11_Evening.PriorityKeyWord" name="o" time="0.002"/>
</testsuite> <!-- Velocity_Chinchwad.Dec_11_Evening.PriorityKeyWord -->
