<?xml version="1.0" encoding="UTF-8"?>
<!-- Generated by org.testng.reporters.JUnitReportReporter -->
<testsuite hostname="DESKTOP-HP840" failures="0" tests="2" name="testSuites.EdgeLaunch" time="18.174" errors="0" timestamp="24 Mar 2022 11:30:22 GMT" skipped="0">
  <testcase classname="testSuites.EdgeLaunch" name="welcome" time="0.004"/>
  <testcase classname="testSuites.EdgeLaunch" name="launchBrowser" time="18.170"/>
</testsuite> <!-- testSuites.EdgeLaunch -->
